<?xml version="1.0" encoding="UTF-8"?>
<testng-results ignored="0" total="2" passed="2" failed="0" skipped="0">
  <reporter-output>
  </reporter-output>
  <suite started-at="2024-07-09T18:52:00 TRT" name="Default suite" finished-at="2024-07-09T18:52:15 TRT" duration-ms="15073">
    <groups>
    </groups>
    <test started-at="2024-07-09T18:52:00 TRT" name="Default test" finished-at="2024-07-09T18:52:15 TRT" duration-ms="15073">
      <class name="test.ProductOperationsChrome">
        <test-method is-config="true" signature="beforeClass()[pri:0, instance:test.ProductOperationsChrome@41fecb8b]" started-at="2024-07-09T18:52:00 TRT" name="beforeClass" finished-at="2024-07-09T18:52:02 TRT" duration-ms="1585" status="PASS">
          <reporter-output>
          </reporter-output>
        </test-method> <!-- beforeClass -->
        <test-method signature="openPageTest()[pri:1, instance:test.ProductOperationsChrome@41fecb8b]" started-at="2024-07-09T18:52:02 TRT" name="openPageTest" finished-at="2024-07-09T18:52:04 TRT" duration-ms="1610" status="PASS">
          <reporter-output>
          </reporter-output>
        </test-method> <!-- openPageTest -->
        <test-method signature="userLoginTest()[pri:2, instance:test.ProductOperationsChrome@41fecb8b]" started-at="2024-07-09T18:52:04 TRT" name="userLoginTest" finished-at="2024-07-09T18:52:15 TRT" duration-ms="11176" status="PASS">
          <reporter-output>
          </reporter-output>
        </test-method> <!-- userLoginTest -->
        <test-method is-config="true" signature="afterClass()[pri:0, instance:test.ProductOperationsChrome@41fecb8b]" started-at="2024-07-09T18:52:15 TRT" name="afterClass" finished-at="2024-07-09T18:52:15 TRT" duration-ms="675" status="PASS">
          <reporter-output>
          </reporter-output>
        </test-method> <!-- afterClass -->
      </class> <!-- test.ProductOperationsChrome -->
    </test> <!-- Default test -->
  </suite> <!-- Default suite -->
</testng-results>
